<?xml version="1.0" encoding="UTF-8"?>
<!-- Generated by org.testng.reporters.JUnitXMLReporter -->
<testsuite ignored="0" hostname="windows11" failures="0" tests="5" name="Test" time="12.977" errors="0" timestamp="2025-02-17T10:30:39 IST">
  <testcase classname="com.OrangeHrm.TestCases.OrangeLoginTest" name="hrmLoginTest" time="0.763"/>
  <testcase classname="com.OrangeHrm.TestCases.OrangeLoginTest" name="hrmLoginTest" time="0.537"/>
  <testcase classname="com.OrangeHrm.TestCases.OrangeLoginTest" name="hrmLoginTest" time="0.614"/>
  <testcase classname="com.OrangeHrm.TestCases.OrangeLoginTest" name="hrmLoginTest" time="0.478"/>
  <testcase classname="com.OrangeHrm.TestCases.OrangeLoginTest" name="hrmLoginTest" time="0.523"/>
</testsuite> <!-- Test -->
