<?xml version="1.0" encoding="UTF-8"?>
<testng-results ignored="0" total="5" passed="5" failed="0" skipped="0">
  <reporter-output>
  </reporter-output>
  <suite started-at="2025-02-17T10:30:26 IST" name="Suite" finished-at="2025-02-17T10:30:39 IST" duration-ms="12977">
    <groups>
    </groups>
    <test started-at="2025-02-17T10:30:26 IST" name="Test" finished-at="2025-02-17T10:30:39 IST" duration-ms="12977">
      <class name="com.OrangeHrm.TestCases.OrangeLoginTest">
        <test-method is-config="true" signature="setup(java.lang.String)[pri:0, instance:com.OrangeHrm.TestCases.OrangeLoginTest@5a85c92]" started-at="2025-02-17T10:30:26 IST" name="setup" finished-at="2025-02-17T10:30:33 IST" duration-ms="7357" status="PASS">
          <params>
            <param index="0">
              <value>
                <![CDATA[chrome]]>
              </value>
            </param>
          </params>
          <reporter-output>
          </reporter-output>
        </test-method> <!-- setup -->
        <test-method signature="hrmLoginTest(java.lang.String,java.lang.String)[pri:0, instance:com.OrangeHrm.TestCases.OrangeLoginTest@5a85c92]" started-at="2025-02-17T10:30:35 IST" name="hrmLoginTest" data-provider="userpass" finished-at="2025-02-17T10:30:35 IST" duration-ms="763" status="PASS">
          <params>
            <param index="0">
              <value>
                <![CDATA[standard_user]]>
              </value>
            </param>
            <param index="1">
              <value>
                <![CDATA[secret_sauce]]>
              </value>
            </param>
          </params>
          <reporter-output>
          </reporter-output>
        </test-method> <!-- hrmLoginTest -->
        <test-method signature="hrmLoginTest(java.lang.String,java.lang.String)[pri:0, instance:com.OrangeHrm.TestCases.OrangeLoginTest@5a85c92]" started-at="2025-02-17T10:30:35 IST" name="hrmLoginTest" data-provider="userpass" finished-at="2025-02-17T10:30:36 IST" duration-ms="537" status="PASS">
          <params>
            <param index="0">
              <value>
                <![CDATA[standard_user]]>
              </value>
            </param>
            <param index="1">
              <value>
                <![CDATA[secret_sauce]]>
              </value>
            </param>
          </params>
          <reporter-output>
          </reporter-output>
        </test-method> <!-- hrmLoginTest -->
        <test-method signature="hrmLoginTest(java.lang.String,java.lang.String)[pri:0, instance:com.OrangeHrm.TestCases.OrangeLoginTest@5a85c92]" started-at="2025-02-17T10:30:36 IST" name="hrmLoginTest" data-provider="userpass" finished-at="2025-02-17T10:30:37 IST" duration-ms="614" status="PASS">
          <params>
            <param index="0">
              <value>
                <![CDATA[standard_user]]>
              </value>
            </param>
            <param index="1">
              <value>
                <![CDATA[secret_sauce]]>
              </value>
            </param>
          </params>
          <reporter-output>
          </reporter-output>
        </test-method> <!-- hrmLoginTest -->
        <test-method signature="hrmLoginTest(java.lang.String,java.lang.String)[pri:0, instance:com.OrangeHrm.TestCases.OrangeLoginTest@5a85c92]" started-at="2025-02-17T10:30:37 IST" name="hrmLoginTest" data-provider="userpass" finished-at="2025-02-17T10:30:37 IST" duration-ms="478" status="PASS">
          <params>
            <param index="0">
              <value>
                <![CDATA[standard_user]]>
              </value>
            </param>
            <param index="1">
              <value>
                <![CDATA[secret_sauce]]>
              </value>
            </param>
          </params>
          <reporter-output>
          </reporter-output>
        </test-method> <!-- hrmLoginTest -->
        <test-method signature="hrmLoginTest(java.lang.String,java.lang.String)[pri:0, instance:com.OrangeHrm.TestCases.OrangeLoginTest@5a85c92]" started-at="2025-02-17T10:30:37 IST" name="hrmLoginTest" data-provider="userpass" finished-at="2025-02-17T10:30:38 IST" duration-ms="523" status="PASS">
          <params>
            <param index="0">
              <value>
                <![CDATA[standard_user]]>
              </value>
            </param>
            <param index="1">
              <value>
                <![CDATA[secret_sauce]]>
              </value>
            </param>
          </params>
          <reporter-output>
          </reporter-output>
        </test-method> <!-- hrmLoginTest -->
        <test-method is-config="true" signature="tearDown()[pri:0, instance:com.OrangeHrm.TestCases.OrangeLoginTest@5a85c92]" started-at="2025-02-17T10:30:38 IST" name="tearDown" finished-at="2025-02-17T10:30:39 IST" duration-ms="1111" status="PASS">
          <reporter-output>
          </reporter-output>
        </test-method> <!-- tearDown -->
      </class> <!-- com.OrangeHrm.TestCases.OrangeLoginTest -->
    </test> <!-- Test -->
  </suite> <!-- Suite -->
</testng-results>
